<?xml version="1.0" encoding="UTF-8"?>
<coverage generated="1647734685048" clover="3.2.0">
  <project timestamp="1647734685048" name="All files">
    <metrics statements="57" coveredstatements="45" conditionals="20" coveredconditionals="20" methods="16" coveredmethods="10" elements="93" coveredelements="75" complexity="0" loc="57" ncloc="57" packages="2" files="6" classes="6"/>
    <package name="server">
      <metrics statements="45" coveredstatements="38" conditionals="20" coveredconditionals="20" methods="9" coveredmethods="6"/>
      <file name="config.js" path="F:\_Desktop_Matthew\_Programming_Material_And_Projects\JavaScript\JSExpert_Week_06\semanajsexpert-spotify-template\server\config.js">
        <metrics statements="4" coveredstatements="4" conditionals="2" coveredconditionals="2" methods="0" coveredmethods="0"/>
        <line num="4" count="2" type="stmt"/>
        <line num="5" count="2" type="stmt"/>
        <line num="6" count="2" type="stmt"/>
        <line num="7" count="2" type="stmt"/>
      </file>
      <file name="controller.js" path="F:\_Desktop_Matthew\_Programming_Material_And_Projects\JavaScript\JSExpert_Week_06\semanajsexpert-spotify-template\server\controller.js">
        <metrics statements="2" coveredstatements="2" conditionals="0" coveredconditionals="0" methods="2" coveredmethods="2"/>
        <line num="5" count="2" type="stmt"/>
        <line num="9" count="1" type="stmt"/>
      </file>
      <file name="routes.js" path="F:\_Desktop_Matthew\_Programming_Material_And_Projects\JavaScript\JSExpert_Week_06\semanajsexpert-spotify-template\server\routes.js">
        <metrics statements="29" coveredstatements="29" conditionals="18" coveredconditionals="18" methods="4" coveredmethods="4"/>
        <line num="14" count="1" type="stmt"/>
        <line num="16" count="1" type="stmt"/>
        <line num="19" count="8" type="stmt"/>
        <line num="21" count="8" type="cond" truecount="4" falsecount="0"/>
        <line num="22" count="1" type="stmt"/>
        <line num="26" count="1" type="stmt"/>
        <line num="29" count="7" type="cond" truecount="4" falsecount="0"/>
        <line num="32" count="1" type="stmt"/>
        <line num="38" count="1" type="stmt"/>
        <line num="41" count="6" type="cond" truecount="4" falsecount="0"/>
        <line num="44" count="1" type="stmt"/>
        <line num="50" count="1" type="stmt"/>
        <line num="54" count="5" type="cond" truecount="2" falsecount="0"/>
        <line num="58" count="4" type="stmt"/>
        <line num="60" count="2" type="stmt"/>
        <line num="61" count="2" type="cond" truecount="2" falsecount="0"/>
        <line num="62" count="1" type="stmt"/>
        <line num="67" count="2" type="stmt"/>
        <line num="70" count="1" type="stmt"/>
        <line num="71" count="1" type="stmt"/>
        <line num="75" count="2" type="cond" truecount="2" falsecount="0"/>
        <line num="76" count="1" type="stmt"/>
        <line num="77" count="1" type="stmt"/>
        <line num="78" count="1" type="stmt"/>
        <line num="81" count="1" type="stmt"/>
        <line num="82" count="1" type="stmt"/>
        <line num="83" count="1" type="stmt"/>
        <line num="87" count="8" type="stmt"/>
        <line num="88" count="2" type="stmt"/>
      </file>
      <file name="service.js" path="F:\_Desktop_Matthew\_Programming_Material_And_Projects\JavaScript\JSExpert_Week_06\semanajsexpert-spotify-template\server\service.js">
        <metrics statements="8" coveredstatements="1" conditionals="0" coveredconditionals="0" methods="3" coveredmethods="0"/>
        <line num="10" count="2" type="stmt"/>
        <line num="14" count="0" type="stmt"/>
        <line num="19" count="0" type="stmt"/>
        <line num="21" count="0" type="stmt"/>
        <line num="22" count="0" type="stmt"/>
        <line num="24" count="0" type="stmt"/>
        <line num="34" count="0" type="stmt"/>
        <line num="35" count="0" type="stmt"/>
      </file>
      <file name="util.js" path="F:\_Desktop_Matthew\_Programming_Material_And_Projects\JavaScript\JSExpert_Week_06\semanajsexpert-spotify-template\server\util.js">
        <metrics statements="2" coveredstatements="2" conditionals="0" coveredconditionals="0" methods="0" coveredmethods="0"/>
        <line num="3" count="1" type="stmt"/>
        <line num="13" count="1" type="stmt"/>
      </file>
    </package>
    <package name="tests.unit.Utils">
      <metrics statements="12" coveredstatements="7" conditionals="0" coveredconditionals="0" methods="7" coveredmethods="4"/>
      <file name="testUtil.js" path="F:\_Desktop_Matthew\_Programming_Material_And_Projects\JavaScript\JSExpert_Week_06\semanajsexpert-spotify-template\tests\unit\Utils\testUtil.js">
        <metrics statements="12" coveredstatements="7" conditionals="0" coveredconditionals="0" methods="7" coveredmethods="4"/>
        <line num="13" count="13" type="stmt"/>
        <line num="15" count="0" type="stmt"/>
        <line num="16" count="0" type="stmt"/>
        <line num="19" count="0" type="stmt"/>
        <line num="25" count="8" type="stmt"/>
        <line num="27" count="0" type="stmt"/>
        <line num="28" count="0" type="stmt"/>
        <line num="34" count="8" type="stmt"/>
        <line num="35" count="8" type="stmt"/>
        <line num="36" count="8" type="stmt"/>
        <line num="48" count="8" type="stmt"/>
        <line num="49" count="8" type="stmt"/>
      </file>
    </package>
  </project>
</coverage>
