{"F:\\_Desktop_Matthew\\_Programming_Material_And_Projects\\JavaScript\\JSExpert_Week_06\\semanajsexpert-spotify-template\\server\\config.js": {"path":"F:\\_Desktop_Matthew\\_Programming_Material_And_Projects\\JavaScript\\JSExpert_Week_06\\semanajsexpert-spotify-template\\server\\config.js","statementMap":{"0":{"start":{"line":4,"column":19},"end":{"line":4,"column":58}},"1":{"start":{"line":5,"column":13},"end":{"line":5,"column":36}},"2":{"start":{"line":6,"column":23},"end":{"line":6,"column":42}},"3":{"start":{"line":7,"column":24},"end":{"line":7,"column":44}}},"fnMap":{},"branchMap":{"0":{"loc":{"start":{"line":10,"column":10},"end":{"line":10,"column":34}},"type":"binary-expr","locations":[{"start":{"line":10,"column":10},"end":{"line":10,"column":26}},{"start":{"line":10,"column":30},"end":{"line":10,"column":34}}],"line":10}},"s":{"0":3,"1":3,"2":3,"3":3},"f":{},"b":{"0":[3,3]},"_coverageSchema":"1a1c01bbd47fc00a2c39e90264f33305004495a9","hash":"b77a3272aae6f3758ea75b07dbac29b90d6f60a8"}
,"F:\\_Desktop_Matthew\\_Programming_Material_And_Projects\\JavaScript\\JSExpert_Week_06\\semanajsexpert-spotify-template\\server\\controller.js": {"path":"F:\\_Desktop_Matthew\\_Programming_Material_And_Projects\\JavaScript\\JSExpert_Week_06\\semanajsexpert-spotify-template\\server\\controller.js","statementMap":{"0":{"start":{"line":5,"column":8},"end":{"line":5,"column":37}},"1":{"start":{"line":9,"column":8},"end":{"line":9,"column":52}}},"fnMap":{"0":{"name":"(anonymous_0)","decl":{"start":{"line":4,"column":4},"end":{"line":4,"column":5}},"loc":{"start":{"line":4,"column":18},"end":{"line":6,"column":5}},"line":4},"1":{"name":"(anonymous_1)","decl":{"start":{"line":8,"column":4},"end":{"line":8,"column":5}},"loc":{"start":{"line":8,"column":33},"end":{"line":10,"column":5}},"line":8}},"branchMap":{},"s":{"0":2,"1":1},"f":{"0":2,"1":1},"b":{},"_coverageSchema":"1a1c01bbd47fc00a2c39e90264f33305004495a9","hash":"f7298e3611a49b20887855502eda93d9dd50df00"}
,"F:\\_Desktop_Matthew\\_Programming_Material_And_Projects\\JavaScript\\JSExpert_Week_06\\semanajsexpert-spotify-template\\server\\routes.js": {"path":"F:\\_Desktop_Matthew\\_Programming_Material_And_Projects\\JavaScript\\JSExpert_Week_06\\semanajsexpert-spotify-template\\server\\routes.js","statementMap":{"0":{"start":{"line":14,"column":4},"end":{"line":14,"column":10}},"1":{"start":{"line":16,"column":19},"end":{"line":16,"column":35}},"2":{"start":{"line":19,"column":28},"end":{"line":19,"column":35}},"3":{"start":{"line":21,"column":4},"end":{"line":27,"column":5}},"4":{"start":{"line":22,"column":8},"end":{"line":24,"column":11}},"5":{"start":{"line":26,"column":8},"end":{"line":26,"column":30}},"6":{"start":{"line":29,"column":4},"end":{"line":39,"column":5}},"7":{"start":{"line":32,"column":12},"end":{"line":32,"column":52}},"8":{"start":{"line":38,"column":8},"end":{"line":38,"column":37}},"9":{"start":{"line":41,"column":4},"end":{"line":51,"column":5}},"10":{"start":{"line":44,"column":12},"end":{"line":44,"column":58}},"11":{"start":{"line":50,"column":8},"end":{"line":50,"column":37}},"12":{"start":{"line":54,"column":4},"end":{"line":68,"column":5}},"13":{"start":{"line":58,"column":12},"end":{"line":58,"column":47}},"14":{"start":{"line":60,"column":28},"end":{"line":60,"column":46}},"15":{"start":{"line":61,"column":8},"end":{"line":65,"column":9}},"16":{"start":{"line":62,"column":12},"end":{"line":64,"column":15}},"17":{"start":{"line":67,"column":8},"end":{"line":67,"column":37}},"18":{"start":{"line":70,"column":4},"end":{"line":70,"column":28}},"19":{"start":{"line":71,"column":4},"end":{"line":71,"column":26}},"20":{"start":{"line":75,"column":4},"end":{"line":79,"column":5}},"21":{"start":{"line":76,"column":8},"end":{"line":76,"column":54}},"22":{"start":{"line":77,"column":8},"end":{"line":77,"column":32}},"23":{"start":{"line":78,"column":8},"end":{"line":78,"column":30}},"24":{"start":{"line":81,"column":4},"end":{"line":81,"column":55}},"25":{"start":{"line":82,"column":4},"end":{"line":82,"column":28}},"26":{"start":{"line":83,"column":4},"end":{"line":83,"column":26}},"27":{"start":{"line":87,"column":4},"end":{"line":88,"column":50}},"28":{"start":{"line":88,"column":20},"end":{"line":88,"column":48}}},"fnMap":{"0":{"name":"routes","decl":{"start":{"line":18,"column":15},"end":{"line":18,"column":21}},"loc":{"start":{"line":18,"column":41},"end":{"line":72,"column":1}},"line":18},"1":{"name":"handleError","decl":{"start":{"line":74,"column":9},"end":{"line":74,"column":20}},"loc":{"start":{"line":74,"column":37},"end":{"line":84,"column":1}},"line":74},"2":{"name":"handler","decl":{"start":{"line":86,"column":16},"end":{"line":86,"column":23}},"loc":{"start":{"line":86,"column":42},"end":{"line":89,"column":1}},"line":86},"3":{"name":"(anonymous_3)","decl":{"start":{"line":88,"column":11},"end":{"line":88,"column":12}},"loc":{"start":{"line":88,"column":20},"end":{"line":88,"column":48}},"line":88}},"branchMap":{"0":{"loc":{"start":{"line":21,"column":4},"end":{"line":27,"column":5}},"type":"if","locations":[{"start":{"line":21,"column":4},"end":{"line":27,"column":5}},{"start":{},"end":{}}],"line":21},"1":{"loc":{"start":{"line":21,"column":7},"end":{"line":21,"column":38}},"type":"binary-expr","locations":[{"start":{"line":21,"column":7},"end":{"line":21,"column":23}},{"start":{"line":21,"column":27},"end":{"line":21,"column":38}}],"line":21},"2":{"loc":{"start":{"line":29,"column":4},"end":{"line":39,"column":5}},"type":"if","locations":[{"start":{"line":29,"column":4},"end":{"line":39,"column":5}},{"start":{},"end":{}}],"line":29},"3":{"loc":{"start":{"line":29,"column":7},"end":{"line":29,"column":42}},"type":"binary-expr","locations":[{"start":{"line":29,"column":7},"end":{"line":29,"column":23}},{"start":{"line":29,"column":27},"end":{"line":29,"column":42}}],"line":29},"4":{"loc":{"start":{"line":41,"column":4},"end":{"line":51,"column":5}},"type":"if","locations":[{"start":{"line":41,"column":4},"end":{"line":51,"column":5}},{"start":{},"end":{}}],"line":41},"5":{"loc":{"start":{"line":41,"column":7},"end":{"line":41,"column":48}},"type":"binary-expr","locations":[{"start":{"line":41,"column":7},"end":{"line":41,"column":23}},{"start":{"line":41,"column":27},"end":{"line":41,"column":48}}],"line":41},"6":{"loc":{"start":{"line":54,"column":4},"end":{"line":68,"column":5}},"type":"if","locations":[{"start":{"line":54,"column":4},"end":{"line":68,"column":5}},{"start":{},"end":{}}],"line":54},"7":{"loc":{"start":{"line":61,"column":8},"end":{"line":65,"column":9}},"type":"if","locations":[{"start":{"line":61,"column":8},"end":{"line":65,"column":9}},{"start":{},"end":{}}],"line":61},"8":{"loc":{"start":{"line":75,"column":4},"end":{"line":79,"column":5}},"type":"if","locations":[{"start":{"line":75,"column":4},"end":{"line":79,"column":5}},{"start":{},"end":{}}],"line":75}},"s":{"0":1,"1":1,"2":8,"3":8,"4":1,"5":1,"6":7,"7":1,"8":1,"9":6,"10":1,"11":1,"12":5,"13":4,"14":2,"15":2,"16":1,"17":2,"18":1,"19":1,"20":2,"21":1,"22":1,"23":1,"24":1,"25":1,"26":1,"27":8,"28":2},"f":{"0":8,"1":2,"2":8,"3":2},"b":{"0":[1,7],"1":[8,7],"2":[1,6],"3":[7,6],"4":[1,5],"5":[6,5],"6":[4,1],"7":[1,1],"8":[1,1]},"_coverageSchema":"1a1c01bbd47fc00a2c39e90264f33305004495a9","hash":"8e7546816133061ad799622b12f29ded2b4ec2b0"}
,"F:\\_Desktop_Matthew\\_Programming_Material_And_Projects\\JavaScript\\JSExpert_Week_06\\semanajsexpert-spotify-template\\server\\service.js": {"path":"F:\\_Desktop_Matthew\\_Programming_Material_And_Projects\\JavaScript\\JSExpert_Week_06\\semanajsexpert-spotify-template\\server\\service.js","statementMap":{"0":{"start":{"line":9,"column":4},"end":{"line":9,"column":10}},"1":{"start":{"line":13,"column":8},"end":{"line":13,"column":45}},"2":{"start":{"line":18,"column":29},"end":{"line":18,"column":56}},"3":{"start":{"line":20,"column":8},"end":{"line":20,"column":46}},"4":{"start":{"line":21,"column":25},"end":{"line":21,"column":46}},"5":{"start":{"line":23,"column":8},"end":{"line":26,"column":10}},"6":{"start":{"line":33,"column":12},"end":{"line":33,"column":40}},"7":{"start":{"line":34,"column":8},"end":{"line":37,"column":10}}},"fnMap":{"0":{"name":"(anonymous_0)","decl":{"start":{"line":12,"column":4},"end":{"line":12,"column":5}},"loc":{"start":{"line":12,"column":31},"end":{"line":14,"column":5}},"line":12},"1":{"name":"(anonymous_1)","decl":{"start":{"line":16,"column":4},"end":{"line":16,"column":5}},"loc":{"start":{"line":16,"column":28},"end":{"line":27,"column":5}},"line":16},"2":{"name":"(anonymous_2)","decl":{"start":{"line":29,"column":4},"end":{"line":29,"column":5}},"loc":{"start":{"line":29,"column":30},"end":{"line":38,"column":5}},"line":29}},"branchMap":{},"s":{"0":3,"1":1,"2":1,"3":1,"4":1,"5":1,"6":1,"7":1},"f":{"0":1,"1":1,"2":1},"b":{},"_coverageSchema":"1a1c01bbd47fc00a2c39e90264f33305004495a9","hash":"e7b4fdd516242591527fbff7405c64f5a29155e2"}
,"F:\\_Desktop_Matthew\\_Programming_Material_And_Projects\\JavaScript\\JSExpert_Week_06\\semanajsexpert-spotify-template\\server\\util.js": {"path":"F:\\_Desktop_Matthew\\_Programming_Material_And_Projects\\JavaScript\\JSExpert_Week_06\\semanajsexpert-spotify-template\\server\\util.js","statementMap":{"0":{"start":{"line":3,"column":12},"end":{"line":11,"column":2}},"1":{"start":{"line":13,"column":22},"end":{"line":13,"column":25}}},"fnMap":{},"branchMap":{},"s":{"0":1,"1":1},"f":{},"b":{},"_coverageSchema":"1a1c01bbd47fc00a2c39e90264f33305004495a9","hash":"2a3bdad31130a5178e18330f4ad117072ffc007a"}
}
