TN:
SF:server\config.js
FNF:0
FNH:0
DA:4,3
DA:5,3
DA:6,3
DA:7,3
LF:4
LH:4
BRDA:10,0,0,3
BRDA:10,0,1,3
BRF:2
BRH:2
end_of_record
TN:
SF:server\controller.js
FN:4,(anonymous_0)
FN:8,(anonymous_1)
FNF:2
FNH:2
FNDA:2,(anonymous_0)
FNDA:1,(anonymous_1)
DA:5,2
DA:9,1
LF:2
LH:2
BRF:0
BRH:0
end_of_record
TN:
SF:server\routes.js
FN:18,routes
FN:74,handleError
FN:86,handler
FN:88,(anonymous_3)
FNF:4
FNH:4
FNDA:8,routes
FNDA:2,handleError
FNDA:8,handler
FNDA:2,(anonymous_3)
DA:14,1
DA:16,1
DA:19,8
DA:21,8
DA:22,1
DA:26,1
DA:29,7
DA:32,1
DA:38,1
DA:41,6
DA:44,1
DA:50,1
DA:54,5
DA:58,4
DA:60,2
DA:61,2
DA:62,1
DA:67,2
DA:70,1
DA:71,1
DA:75,2
DA:76,1
DA:77,1
DA:78,1
DA:81,1
DA:82,1
DA:83,1
DA:87,8
DA:88,2
LF:29
LH:29
BRDA:21,0,0,1
BRDA:21,0,1,7
BRDA:21,1,0,8
BRDA:21,1,1,7
BRDA:29,2,0,1
BRDA:29,2,1,6
BRDA:29,3,0,7
BRDA:29,3,1,6
BRDA:41,4,0,1
BRDA:41,4,1,5
BRDA:41,5,0,6
BRDA:41,5,1,5
BRDA:54,6,0,4
BRDA:54,6,1,1
BRDA:61,7,0,1
BRDA:61,7,1,1
BRDA:75,8,0,1
BRDA:75,8,1,1
BRF:18
BRH:18
end_of_record
TN:
SF:server\service.js
FN:12,(anonymous_0)
FN:16,(anonymous_1)
FN:29,(anonymous_2)
FNF:3
FNH:3
FNDA:1,(anonymous_0)
FNDA:1,(anonymous_1)
FNDA:1,(anonymous_2)
DA:9,3
DA:13,1
DA:18,1
DA:20,1
DA:21,1
DA:23,1
DA:33,1
DA:34,1
LF:8
LH:8
BRF:0
BRH:0
end_of_record
TN:
SF:server\util.js
FNF:0
FNH:0
DA:3,1
DA:13,1
LF:2
LH:2
BRF:0
BRH:0
end_of_record
